C:\Users\JANA2\Desktop\Learning_Materials\Mini Projects\Django-Projects\Blog\myapp\blog\views.py changed, reloading.
Watching for file changes with StatReloader
C:\Users\JANA2\Desktop\Learning_Materials\Mini Projects\Django-Projects\Blog\myapp\blog\views.py changed, reloading.
Watching for file changes with StatReloader
C:\Users\JANA2\Desktop\Learning_Materials\Mini Projects\Django-Projects\Blog\myapp\blog\views.py changed, reloading.
Watching for file changes with StatReloader
C:\Users\JANA2\Desktop\Learning_Materials\Mini Projects\Django-Projects\Blog\myapp\blog\views.py changed, reloading.
Watching for file changes with StatReloader
C:\Users\JANA2\Desktop\Learning_Materials\Mini Projects\Django-Projects\Blog\myapp\blog\views.py changed, reloading.
Watching for file changes with StatReloader
C:\Users\JANA2\Desktop\Learning_Materials\Mini Projects\Django-Projects\Blog\myapp\blog\views.py changed, reloading.
Watching for file changes with StatReloader
C:\Users\JANA2\Desktop\Learning_Materials\Mini Projects\Django-Projects\Blog\myapp\blog\views.py changed, reloading.
Watching for file changes with StatReloader
C:\Users\JANA2\Desktop\Learning_Materials\Mini Projects\Django-Projects\Blog\myapp\blog\views.py changed, reloading.
Watching for file changes with StatReloader
C:\Users\JANA2\Desktop\Learning_Materials\Mini Projects\Django-Projects\Blog\myapp\blog\views.py changed, reloading.
Watching for file changes with StatReloader
C:\Users\JANA2\Desktop\Learning_Materials\Mini Projects\Django-Projects\Blog\myapp\blog\views.py changed, reloading.
Watching for file changes with StatReloader
C:\Users\JANA2\Desktop\Learning_Materials\Mini Projects\Django-Projects\Blog\myapp\blog\views.py changed, reloading.
Watching for file changes with StatReloader
C:\Users\JANA2\Desktop\Learning_Materials\Mini Projects\Django-Projects\Blog\myapp\blog\views.py changed, reloading.
Watching for file changes with StatReloader
C:\Users\JANA2\Desktop\Learning_Materials\Mini Projects\Django-Projects\Blog\myapp\blog\views.py changed, reloading.
Watching for file changes with StatReloader
C:\Users\JANA2\Desktop\Learning_Materials\Mini Projects\Django-Projects\Blog\myapp\blog\views.py changed, reloading.
Watching for file changes with StatReloader
C:\Users\JANA2\Desktop\Learning_Materials\Mini Projects\Django-Projects\Blog\myapp\blog\views.py changed, reloading.
Watching for file changes with StatReloader
C:\Users\JANA2\Desktop\Learning_Materials\Mini Projects\Django-Projects\Blog\myapp\blog\views.py changed, reloading.
Watching for file changes with StatReloader
C:\Users\JANA2\Desktop\Learning_Materials\Mini Projects\Django-Projects\Blog\myapp\blog\views.py changed, reloading.
Watching for file changes with StatReloader
C:\Users\JANA2\Desktop\Learning_Materials\Mini Projects\Django-Projects\Blog\myapp\blog\views.py changed, reloading.
Watching for file changes with StatReloader
C:\Users\JANA2\Desktop\Learning_Materials\Mini Projects\Django-Projects\Blog\myapp\blog\views.py changed, reloading.
Watching for file changes with StatReloader
C:\Users\JANA2\Desktop\Learning_Materials\Mini Projects\Django-Projects\Blog\myapp\blog\views.py changed, reloading.
Watching for file changes with StatReloader
C:\Users\JANA2\Desktop\Learning_Materials\Mini Projects\Django-Projects\Blog\myapp\blog\views.py changed, reloading.
Watching for file changes with StatReloader
C:\Users\JANA2\Desktop\Learning_Materials\Mini Projects\Django-Projects\Blog\myapp\blog\views.py changed, reloading.
Watching for file changes with StatReloader
C:\Users\JANA2\Desktop\Learning_Materials\Mini Projects\Django-Projects\Blog\myapp\blog\views.py changed, reloading.
Watching for file changes with StatReloader
C:\Users\JANA2\Desktop\Learning_Materials\Mini Projects\Django-Projects\Blog\myapp\blog\views.py changed, reloading.
Watching for file changes with StatReloader
C:\Users\JANA2\Desktop\Learning_Materials\Mini Projects\Django-Projects\Blog\myapp\blog\views.py changed, reloading.
Watching for file changes with StatReloader
C:\Users\JANA2\Desktop\Learning_Materials\Mini Projects\Django-Projects\Blog\myapp\blog\views.py changed, reloading.
Watching for file changes with StatReloader
C:\Users\JANA2\Desktop\Learning_Materials\Mini Projects\Django-Projects\Blog\myapp\blog\views.py changed, reloading.
Watching for file changes with StatReloader
C:\Users\JANA2\Desktop\Learning_Materials\Mini Projects\Django-Projects\Blog\myapp\blog\views.py changed, reloading.
Watching for file changes with StatReloader
C:\Users\JANA2\Desktop\Learning_Materials\Mini Projects\Django-Projects\Blog\myapp\blog\views.py changed, reloading.
Watching for file changes with StatReloader
C:\Users\JANA2\Desktop\Learning_Materials\Mini Projects\Django-Projects\Blog\myapp\blog\views.py changed, reloading.
Watching for file changes with StatReloader
C:\Users\JANA2\Desktop\Learning_Materials\Mini Projects\Django-Projects\Blog\myapp\blog\views.py changed, reloading.
Watching for file changes with StatReloader
C:\Users\JANA2\Desktop\Learning_Materials\Mini Projects\Django-Projects\Blog\myapp\blog\views.py changed, reloading.
Watching for file changes with StatReloader
C:\Users\JANA2\Desktop\Learning_Materials\Mini Projects\Django-Projects\Blog\myapp\blog\views.py changed, reloading.
Watching for file changes with StatReloader
C:\Users\JANA2\Desktop\Learning_Materials\Mini Projects\Django-Projects\Blog\myapp\blog\views.py changed, reloading.
Watching for file changes with StatReloader
C:\Users\JANA2\Desktop\Learning_Materials\Mini Projects\Django-Projects\Blog\myapp\blog\views.py changed, reloading.
Watching for file changes with StatReloader
C:\Users\JANA2\Desktop\Learning_Materials\Mini Projects\Django-Projects\Blog\myapp\blog\views.py changed, reloading.
Watching for file changes with StatReloader
Internal Server Error: /Blog/post/28
Traceback (most recent call last):
  File "C:\Users\JANA2\Desktop\Learning_Materials\Mini Projects\Django-Projects\Blog\myapp\blog\views.py", line 33, in detail
    post = Post.objects.get(pk=post_id)
  File "C:\Users\JANA2\Desktop\Learning_Materials\Mini Projects\Django-Projects\Blog\env\Lib\site-packages\django\db\models\manager.py", line 87, in manager_method
    return getattr(self.get_queryset(), name)(*args, **kwargs)
           ~~~~~~~~~~~~~~~~~~~~~~~~~~~~~~~~~~^^^^^^^^^^^^^^^^^
  File "C:\Users\JANA2\Desktop\Learning_Materials\Mini Projects\Django-Projects\Blog\env\Lib\site-packages\django\db\models\query.py", line 633, in get
    raise self.model.DoesNotExist(
        "%s matching query does not exist." % self.model._meta.object_name
    )
blog.models.Post.DoesNotExist: Post matching query does not exist.

During handling of the above exception, another exception occurred:

Traceback (most recent call last):
  File "C:\Users\JANA2\Desktop\Learning_Materials\Mini Projects\Django-Projects\Blog\env\Lib\site-packages\django\core\handlers\exception.py", line 55, in inner
    response = get_response(request)
  File "C:\Users\JANA2\Desktop\Learning_Materials\Mini Projects\Django-Projects\Blog\env\Lib\site-packages\django\core\handlers\base.py", line 197, in _get_response
    response = wrapped_callback(request, *callback_args, **callback_kwargs)
  File "C:\Users\JANA2\Desktop\Learning_Materials\Mini Projects\Django-Projects\Blog\myapp\blog\views.py", line 35, in detail
    except Post.DoesNotExist():
        raise Http404('Sorry, Post Does not exit')
TypeError: catching classes that do not inherit from BaseException is not allowed
C:\Users\JANA2\Desktop\Learning_Materials\Mini Projects\Django-Projects\Blog\myapp\blog\views.py changed, reloading.
Watching for file changes with StatReloader
Internal Server Error: /Blog/post/28
Traceback (most recent call last):
  File "C:\Users\JANA2\Desktop\Learning_Materials\Mini Projects\Django-Projects\Blog\myapp\blog\views.py", line 33, in detail
    post = Post.objects.get(pk=post_id)
  File "C:\Users\JANA2\Desktop\Learning_Materials\Mini Projects\Django-Projects\Blog\env\Lib\site-packages\django\db\models\manager.py", line 87, in manager_method
    return getattr(self.get_queryset(), name)(*args, **kwargs)
           ~~~~~~~~~~~~~~~~~~~~~~~~~~~~~~~~~~^^^^^^^^^^^^^^^^^
  File "C:\Users\JANA2\Desktop\Learning_Materials\Mini Projects\Django-Projects\Blog\env\Lib\site-packages\django\db\models\query.py", line 633, in get
    raise self.model.DoesNotExist(
        "%s matching query does not exist." % self.model._meta.object_name
    )
blog.models.Post.DoesNotExist: Post matching query does not exist.

During handling of the above exception, another exception occurred:

Traceback (most recent call last):
  File "C:\Users\JANA2\Desktop\Learning_Materials\Mini Projects\Django-Projects\Blog\env\Lib\site-packages\django\core\handlers\exception.py", line 55, in inner
    response = get_response(request)
  File "C:\Users\JANA2\Desktop\Learning_Materials\Mini Projects\Django-Projects\Blog\env\Lib\site-packages\django\core\handlers\base.py", line 197, in _get_response
    response = wrapped_callback(request, *callback_args, **callback_kwargs)
  File "C:\Users\JANA2\Desktop\Learning_Materials\Mini Projects\Django-Projects\Blog\myapp\blog\views.py", line 34, in detail
    except Post.DoesNotExist():
        raise Http404('Sorry, Post Does not exit')
TypeError: catching classes that do not inherit from BaseException is not allowed
